2020-01-08 11:11:03.412+01:00 | INFO | f.b.h.HomeloancalculatorApplication | Starting HomeloancalculatorApplication on DESKTOP-1A9R5AL with PID 9312 (C:\Users\BNPPARIBAS\bnp-workspace\HomeLoanCalculator\configuration\target\classes started by BNPPARIBAS in C:\Users\BNPPARIBAS\bnp-workspace\HomeLoanCalculator)
2020-01-08 11:11:03.419+01:00 | INFO | f.b.h.HomeloancalculatorApplication | The following profiles are active: dev
2020-01-08 11:11:04.445+01:00 | INFO | o.s.d.r.c.RepositoryConfigurationDelegate | Bootstrapping Spring Data JPA repositories in DEFAULT mode.
2020-01-08 11:11:04.518+01:00 | INFO | o.s.d.r.c.RepositoryConfigurationDelegate | Finished Spring Data repository scanning in 61ms. Found 1 JPA repository interfaces.
2020-01-08 11:11:04.821+01:00 | INFO | o.s.c.s.PostProcessorRegistrationDelegate$BeanPostProcessorChecker | Bean 'org.springframework.transaction.annotation.ProxyTransactionManagementConfiguration' of type [org.springframework.transaction.annotation.ProxyTransactionManagementConfiguration] is not eligible for getting processed by all BeanPostProcessors (for example: not eligible for auto-proxying)
2020-01-08 11:11:05.944+01:00 | INFO | o.s.b.w.e.tomcat.TomcatWebServer | Tomcat initialized with port(s): 8080 (http)
2020-01-08 11:11:05.953+01:00 | INFO | o.a.coyote.http11.Http11NioProtocol | Initializing ProtocolHandler ["http-nio-8080"]
2020-01-08 11:11:05.954+01:00 | INFO | o.a.catalina.core.StandardService | Starting service [Tomcat]
2020-01-08 11:11:05.954+01:00 | INFO | o.a.catalina.core.StandardEngine | Starting Servlet engine: [Apache Tomcat/9.0.29]
2020-01-08 11:11:05.955+01:00 | INFO | o.a.c.core.AprLifecycleListener | Loaded APR based Apache Tomcat Native library [1.2.23] using APR version [1.7.0].
2020-01-08 11:11:05.955+01:00 | INFO | o.a.c.core.AprLifecycleListener | APR capabilities: IPv6 [true], sendfile [true], accept filters [false], random [true].
2020-01-08 11:11:05.955+01:00 | INFO | o.a.c.core.AprLifecycleListener | APR/OpenSSL configuration: useAprConnector [false], useOpenSSL [true]
2020-01-08 11:11:05.958+01:00 | INFO | o.a.c.core.AprLifecycleListener | OpenSSL successfully initialized [OpenSSL 1.1.1c  28 May 2019]
2020-01-08 11:11:06.059+01:00 | INFO | o.a.c.c.C.[Tomcat].[localhost].[/] | Initializing Spring embedded WebApplicationContext
2020-01-08 11:11:06.059+01:00 | DEBUG| o.s.web.context.ContextLoader | Published root WebApplicationContext as ServletContext attribute with name [org.springframework.web.context.WebApplicationContext.ROOT]
2020-01-08 11:11:06.059+01:00 | INFO | o.s.web.context.ContextLoader | Root WebApplicationContext: initialization completed in 2540 ms
2020-01-08 11:11:06.133+01:00 | INFO | com.zaxxer.hikari.HikariDataSource | HikariPool-1 - Starting...
2020-01-08 11:11:06.381+01:00 | INFO | com.zaxxer.hikari.HikariDataSource | HikariPool-1 - Start completed.
2020-01-08 11:11:06.389+01:00 | INFO | o.s.b.a.h.H2ConsoleAutoConfiguration | H2 console available at '/h2'. Database available at 'jdbc:h2:mem:testdb'
2020-01-08 11:11:06.534+01:00 | INFO | o.h.jpa.internal.util.LogHelper | HHH000204: Processing PersistenceUnitInfo [name: default]
2020-01-08 11:11:06.642+01:00 | INFO | org.hibernate.Version | HHH000412: Hibernate Core {5.4.9.Final}
2020-01-08 11:11:06.836+01:00 | INFO | o.h.annotations.common.Version | HCANN000001: Hibernate Commons Annotations {5.1.0.Final}
2020-01-08 11:11:06.993+01:00 | INFO | org.hibernate.dialect.Dialect | HHH000400: Using dialect: org.hibernate.dialect.H2Dialect
2020-01-08 11:11:07.789+01:00 | DEBUG| org.hibernate.SQL | 
    
    drop table borrower if exists
2020-01-08 11:11:07.790+01:00 | DEBUG| org.hibernate.SQL | 
    
    drop table homeloan_simulation if exists
2020-01-08 11:11:07.790+01:00 | DEBUG| org.hibernate.SQL | 
    
    drop table mortgage_project if exists
2020-01-08 11:11:07.790+01:00 | DEBUG| org.hibernate.SQL | 
    
    drop sequence if exists hibernate_sequence
2020-01-08 11:11:07.793+01:00 | DEBUG| org.hibernate.SQL | create sequence hibernate_sequence start with 1 increment by 1
2020-01-08 11:11:07.795+01:00 | DEBUG| org.hibernate.SQL | 
    
    create table borrower (
       id bigint not null,
        date_of_birth timestamp,
        net_income double,
        project_id varchar(255),
        primary key (id)
    )
2020-01-08 11:11:07.799+01:00 | DEBUG| org.hibernate.SQL | 
    
    create table homeloan_simulation (
       id varchar(255) not null,
        application_fee double,
        credit_request boolean,
        fees_impact_on_interest_rate double,
        effective_interest_rate double,
        global_loan_payment double,
        insurance_cost double,
        insurance_impact_on_interest_rate double,
        interest_cost double,
        loan_amount double,
        loan_cost double,
        loan_duration integer,
        loan_guaranty double,
        loan_guaranty_rate double,
        loan_insurance_rate double,
        loan_interest_rate double,
        loan_payment double,
        periodicity varchar(255),
        personal_deposit double,
        simulation_date timestamp,
        project_id varchar(255),
        primary key (id)
    )
2020-01-08 11:11:07.802+01:00 | DEBUG| org.hibernate.SQL | 
    
    create table mortgage_project (
       id varchar(255) not null,
        household_charges double,
        max_loan_payment double,
        project_type varchar(255),
        reference_id varchar(255),
        primary key (id)
    )
2020-01-08 11:11:07.803+01:00 | DEBUG| org.hibernate.SQL | 
    
    alter table borrower 
       add constraint FKdvbtiebul0l0lqa4b7pnjkqeh 
       foreign key (project_id) 
       references mortgage_project
2020-01-08 11:11:07.807+01:00 | DEBUG| org.hibernate.SQL | 
    
    alter table homeloan_simulation 
       add constraint FKljdgaw1dkqqfwetv1e6qmjlyt 
       foreign key (project_id) 
       references mortgage_project
2020-01-08 11:11:07.810+01:00 | INFO | o.h.e.t.j.p.i.JtaPlatformInitiator | HHH000490: Using JtaPlatform implementation: [org.hibernate.engine.transaction.jta.platform.internal.NoJtaPlatform]
2020-01-08 11:11:07.816+01:00 | INFO | o.s.o.j.LocalContainerEntityManagerFactoryBean | Initialized JPA EntityManagerFactory for persistence unit 'default'
2020-01-08 11:11:08.326+01:00 | WARN | o.s.b.a.o.j.JpaBaseConfiguration$JpaWebConfiguration | spring.jpa.open-in-view is enabled by default. Therefore, database queries may be performed during view rendering. Explicitly configure spring.jpa.open-in-view to disable this warning
2020-01-08 11:11:08.404+01:00 | DEBUG| o.s.w.s.m.m.a.RequestMappingHandlerMapping | 15 mappings in 'requestMappingHandlerMapping'
2020-01-08 11:11:08.615+01:00 | INFO | s.d.s.w.PropertySourcedRequestMappingHandlerMapping | Mapped URL path [/v2/api-docs] onto method [springfox.documentation.swagger2.web.Swagger2Controller#getDocumentation(String, HttpServletRequest)]
2020-01-08 11:11:08.729+01:00 | INFO | o.s.s.c.ThreadPoolTaskExecutor | Initializing ExecutorService 'applicationTaskExecutor'
2020-01-08 11:11:08.748+01:00 | DEBUG| o.s.w.s.m.m.a.RequestMappingHandlerAdapter | ControllerAdvice beans: 0 @ModelAttribute, 0 @InitBinder, 1 RequestBodyAdvice, 1 ResponseBodyAdvice
2020-01-08 11:11:08.800+01:00 | DEBUG| o.s.w.s.h.SimpleUrlHandlerMapping | Patterns [/webjars/**, /**] in 'resourceHandlerMapping'
2020-01-08 11:11:08.807+01:00 | DEBUG| o.s.w.s.m.m.a.ExceptionHandlerExceptionResolver | ControllerAdvice beans: 0 @ExceptionHandler, 1 ResponseBodyAdvice
2020-01-08 11:11:08.879+01:00 | INFO | s.d.s.w.p.DocumentationPluginsBootstrapper | Context refreshed
2020-01-08 11:11:08.909+01:00 | INFO | s.d.s.w.p.DocumentationPluginsBootstrapper | Found 1 custom documentation plugin(s)
2020-01-08 11:11:08.950+01:00 | INFO | s.d.s.w.s.ApiListingReferenceScanner | Scanning for api listing references
2020-01-08 11:11:09.149+01:00 | INFO | o.a.coyote.http11.Http11NioProtocol | Starting ProtocolHandler ["http-nio-8080"]
2020-01-08 11:11:09.172+01:00 | INFO | o.s.b.w.e.tomcat.TomcatWebServer | Tomcat started on port(s): 8080 (http) with context path ''
2020-01-08 11:11:09.173+01:00 | INFO | f.b.h.HomeloancalculatorApplication | Started HomeloancalculatorApplication in 6.362 seconds (JVM running for 6.836)
2020-01-08 11:11:26.424+01:00 | INFO | o.a.c.c.C.[Tomcat].[localhost].[/] | Initializing Spring DispatcherServlet 'dispatcherServlet'
2020-01-08 11:11:26.425+01:00 | INFO | o.s.web.servlet.DispatcherServlet | Initializing Servlet 'dispatcherServlet'
2020-01-08 11:11:26.425+01:00 | DEBUG| o.s.web.servlet.DispatcherServlet | Detected StandardServletMultipartResolver
2020-01-08 11:11:26.431+01:00 | DEBUG| o.s.web.servlet.DispatcherServlet | enableLoggingRequestDetails='false': request parameters and headers will be masked to prevent unsafe logging of potentially sensitive data
2020-01-08 11:11:26.432+01:00 | INFO | o.s.web.servlet.DispatcherServlet | Completed initialization in 7 ms
2020-01-08 11:11:26.444+01:00 | DEBUG| o.s.web.servlet.DispatcherServlet | OPTIONS "/mortgageProjects", parameters={}
2020-01-08 11:11:26.448+01:00 | DEBUG| o.s.w.s.m.m.a.RequestMappingHandlerMapping | Mapped to fr.bnp.homeloancalculator.exposition.MortgageProjectResource#createMortgageProject(MortgageProjectUpdateDTO)
2020-01-08 11:11:26.462+01:00 | DEBUG| o.s.web.servlet.DispatcherServlet | Completed 200 OK
2020-01-08 11:11:26.472+01:00 | DEBUG| o.s.web.servlet.DispatcherServlet | POST "/mortgageProjects", parameters={}
2020-01-08 11:11:26.473+01:00 | DEBUG| o.s.w.s.m.m.a.RequestMappingHandlerMapping | Mapped to fr.bnp.homeloancalculator.exposition.MortgageProjectResource#createMortgageProject(MortgageProjectUpdateDTO)
2020-01-08 11:11:26.527+01:00 | DEBUG| o.s.w.s.m.m.a.RequestResponseBodyMethodProcessor | Read "application/json;charset=UTF-8" to [MortgageProjectUpdateDTO(referenceId=ertsxdrtsr, projectType=PURCHASE, householdCharges=0.0, maxLoan (truncated)...]
2020-01-08 11:11:26.578+01:00 | DEBUG| org.hibernate.SQL | 
    select
        mortgagepr0_.id as id1_2_1_,
        mortgagepr0_.household_charges as househol2_2_1_,
        mortgagepr0_.max_loan_payment as max_loan3_2_1_,
        mortgagepr0_.project_type as project_4_2_1_,
        mortgagepr0_.reference_id as referenc5_2_1_,
        borrowers1_.project_id as project_4_0_3_,
        borrowers1_.id as id1_0_3_,
        borrowers1_.id as id1_0_0_,
        borrowers1_.date_of_birth as date_of_2_0_0_,
        borrowers1_.net_income as net_inco3_0_0_ 
    from
        mortgage_project mortgagepr0_ 
    left outer join
        borrower borrowers1_ 
            on mortgagepr0_.id=borrowers1_.project_id 
    where
        mortgagepr0_.id=?
2020-01-08 11:11:26.583+01:00 | TRACE| o.h.type.descriptor.sql.BasicBinder | binding parameter [1] as [VARCHAR] - [284094ba-5846-483c-90e6-48dcb85031b6]
2020-01-08 11:11:26.621+01:00 | DEBUG| org.hibernate.SQL | 
    insert 
    into
        mortgage_project
        (household_charges, max_loan_payment, project_type, reference_id, id) 
    values
        (?, ?, ?, ?, ?)
2020-01-08 11:11:26.622+01:00 | TRACE| o.h.type.descriptor.sql.BasicBinder | binding parameter [1] as [DOUBLE] - [0.0]
2020-01-08 11:11:26.622+01:00 | TRACE| o.h.type.descriptor.sql.BasicBinder | binding parameter [2] as [DOUBLE] - [0.0]
2020-01-08 11:11:26.622+01:00 | TRACE| o.h.type.descriptor.sql.BasicBinder | binding parameter [3] as [VARCHAR] - [PURCHASE]
2020-01-08 11:11:26.622+01:00 | TRACE| o.h.type.descriptor.sql.BasicBinder | binding parameter [4] as [VARCHAR] - [ertsxdrtsr]
2020-01-08 11:11:26.623+01:00 | TRACE| o.h.type.descriptor.sql.BasicBinder | binding parameter [5] as [VARCHAR] - [284094ba-5846-483c-90e6-48dcb85031b6]
2020-01-08 11:11:26.642+01:00 | DEBUG| o.s.w.s.m.m.a.RequestResponseBodyMethodProcessor | Using 'application/json', given [application/json, text/plain, */*] and supported [application/json, application/*+json, application/json, application/*+json]
2020-01-08 11:11:26.643+01:00 | DEBUG| o.s.w.s.m.m.a.RequestResponseBodyMethodProcessor | Writing [MortgageProjectQueryDTO(id=284094ba-5846-483c-90e6-48dcb85031b6, referenceId=ertsxdrtsr, projectType (truncated)...]
2020-01-08 11:11:26.653+01:00 | DEBUG| o.s.web.servlet.DispatcherServlet | Completed 201 CREATED
